[2015.12.07-06.45.40:614][  0]Log file open, 12/07/15 14:45:40
[2015.12.07-06.45.40:614][  0]LogInit:Display: Running engine for game: HeavenDao
[2015.12.07-06.45.40:614][  0]LogInit:Display: RandInit(1199149284) SRandInit(1199149285).
[2015.12.07-06.45.40:614][  0]LogTaskGraph: Started task graph with 4 named threads and 5 total threads.
[2015.12.07-06.45.40:614][  0]LogStats: Stats thread started at 0.363289
[2015.12.07-06.45.40:614][  0]LogInit: Version: 4.9.2-2707645+++depot+UE4-Releases+4.9
[2015.12.07-06.45.40:614][  0]LogInit: API Version: 2672455
[2015.12.07-06.45.40:614][  0]LogInit: Compiled (64-bit): Sep 28 2015 10:25:44
[2015.12.07-06.45.40:614][  0]LogInit: Compiled with Visual C++: 18.00.21005.01
[2015.12.07-06.45.40:614][  0]LogInit: Build Configuration: Development
[2015.12.07-06.45.40:614][  0]LogInit: Branch Name: ++depot+UE4-Releases+4.9
[2015.12.07-06.45.40:614][  0]LogInit: Command line: 
[2015.12.07-06.45.40:614][  0]LogInit: Base directory: H:/Program Files (x86)/Epic Games/4.9/Engine/Binaries/Win64/
[2015.12.07-06.45.40:614][  0]LogInit: Rocket: 1
[2015.12.07-06.45.40:625][  0]LogInit: Using libcurl 7.41.0
[2015.12.07-06.45.40:625][  0]LogInit:  - built for x86_64-pc-win32
[2015.12.07-06.45.40:625][  0]LogInit:  - supports SSL with WinSSL
[2015.12.07-06.45.40:625][  0]LogInit:  - other features:
[2015.12.07-06.45.40:625][  0]LogInit:      CURL_VERSION_SSL
[2015.12.07-06.45.40:625][  0]LogInit:      CURL_VERSION_IPV6
[2015.12.07-06.45.40:625][  0]LogInit:      CURL_VERSION_ASYNCHDNS
[2015.12.07-06.45.40:625][  0]LogInit:      CURL_VERSION_LARGEFILE
[2015.12.07-06.45.40:625][  0]LogInit:      CURL_VERSION_IDN
[2015.12.07-06.45.40:625][  0]LogInit:  CurlRequestOptions (configurable via config and command line):
[2015.12.07-06.45.40:625][  0]LogInit:  - bVerifyPeer = true  - Libcurl will verify peer certificate
[2015.12.07-06.45.40:625][  0]LogInit:  - bUseHttpProxy = false  - Libcurl will NOT use HTTP proxy
[2015.12.07-06.45.40:625][  0]LogInit:  - bDontReuseConnections = false  - Libcurl will reuse connections
[2015.12.07-06.45.40:625][  0]LogInit:  - CertBundlePath = nullptr  - Libcurl will use whatever was configured at build time.
[2015.12.07-06.45.40:636][  0]LogInit: Presizing for 0 objects not considered by GC, pre-allocating 0 bytes.
[2015.12.07-06.45.40:648][  0]LogInit: Object subsystem initialized
[2015.12.07-06.45.40:653][  0]LogInit: Selected Device Profile: [Windows]
[2015.12.07-06.45.40:653][  0]LogInit: Applying CVar settings loaded from the selected device profile: [Windows]
[2015.12.07-06.45.40:674][  0]LogInit: Computer: YUEBINBIN-PC
[2015.12.07-06.45.40:674][  0]LogInit: User: yuebinbin
[2015.12.07-06.45.40:674][  0]LogInit: CPU Page size=4096, Cores=2
[2015.12.07-06.45.40:674][  0]LogInit: High frequency timer resolution =2.873603 MHz
[2015.12.07-06.45.40:674][  0]LogMemory: Memory total: Physical=3.9GB (4GB approx)
[2015.12.07-06.45.40:674][  0]LogMemory: Platform Memory Stats for Windows
[2015.12.07-06.45.40:674][  0]LogMemory: Process Physical Memory: 53.22 MB used, 53.22 MB peak
[2015.12.07-06.45.40:674][  0]LogMemory: Process Virtual Memory: 56.30 MB used, 56.30 MB peak
[2015.12.07-06.45.40:674][  0]LogMemory: Physical Memory: 2457.61 MB used, 4023.12 MB total
[2015.12.07-06.45.40:674][  0]LogMemory: Virtual Memory: 338.89 MB used, 8388608.00 MB total
[2015.12.07-06.45.45:233][  0]LogD3D11RHI: Found D3D11 adapter 0: NVIDIA GeForce GT 240 (Feature Level 10_0)
[2015.12.07-06.45.45:233][  0]LogD3D11RHI: Adapter has 978MB of dedicated video memory, 0MB of dedicated system memory, and 1755MB of shared system memory, 1 output[s]
[2015.12.07-06.45.45:233][  0]LogD3D11RHI: Chosen D3D11 Adapter Id = 0
[2015.12.07-06.45.45:300][  0]LogD3D11RHI: !Direct3DDevice
[2015.12.07-06.45.45:301][  0]LogRHI: Texture pool is 684 MB (70% of 978 MB)
[2015.12.07-06.45.45:319][  0]LogD3D11RHI: Async texture creation enabled
[2015.12.07-06.45.45:337][  0]LogShaderCompilers: Guid format shader working directory is 15 characters bigger than the processId version (K:/HeavenDao.git/trunk/HeavenDao/Intermediate/Shaders/WorkingDirectory/5140/).
[2015.12.07-06.45.45:337][  0]LogShaderCompilers: Cleaned the shader compiler working directory 'K:/HeavenDao.git/trunk/HeavenDao/Intermediate/Shaders/tmp/0B235ACD4164BAC62C6A91998761EADA/'.
[2015.12.07-06.45.45:337][  0]LogShaderCompilers:Display: Using Local Shader Compiler.
[2015.12.07-06.45.54:278][  0]LogTemp:Display: Loaded TP AllDesktopTargetPlatform
[2015.12.07-06.45.54:342][  0]LogTemp:Display: Loaded TP WindowsClientTargetPlatform
[2015.12.07-06.45.54:400][  0]LogTemp:Display: Loaded TP WindowsNoEditorTargetPlatform
[2015.12.07-06.45.54:451][  0]LogTemp:Display: Loaded TP WindowsServerTargetPlatform
[2015.12.07-06.45.54:489][  0]LogTemp:Display: Loaded TP WindowsTargetPlatform
[2015.12.07-06.45.54:527][  0]LogTemp:Display: Loaded TP AndroidTargetPlatform
[2015.12.07-06.45.54:576][  0]LogTemp:Display: Loaded TP Android_ASTCTargetPlatform
[2015.12.07-06.45.54:679][  0]LogTemp:Display: Loaded TP Android_ATCTargetPlatform
[2015.12.07-06.45.54:704][  0]LogTemp:Display: Loaded TP Android_DXTTargetPlatform
[2015.12.07-06.45.54:737][  0]LogTemp:Display: Loaded TP Android_ETC1TargetPlatform
[2015.12.07-06.45.54:814][  0]LogTemp:Display: Loaded TP Android_ETC2TargetPlatform
[2015.12.07-06.45.54:972][  0]LogTemp:Display: Loaded TP Android_PVRTCTargetPlatform
[2015.12.07-06.45.55:018][  0]LogTemp:Display: Loaded TP HTML5TargetPlatform
[2015.12.07-06.45.55:402][  0]LogTemp:Display: Loaded TP IOSTargetPlatform
[2015.12.07-06.45.55:455][  0]LogTemp:Display: Loaded TP LinuxNoEditorTargetPlatform
[2015.12.07-06.45.55:510][  0]LogTemp:Display: Loaded TP LinuxServerTargetPlatform
[2015.12.07-06.45.55:595][  0]LogTemp:Display: Loaded TP LinuxTargetPlatform
[2015.12.07-06.45.55:595][  0]LogTargetPlatformManager:Display: Building Assets For Windows
[2015.12.07-06.45.57:430][  0]LogDerivedDataCache:Display: Max Cache Size: 512 MB
[2015.12.07-06.46.02:600][  0]LogDerivedDataCache: Loaded boot cache 5.17s 36MB C:/Users/jingjie/AppData/Local/UnrealEngine/4.9/DerivedDataCache/Boot.ddc.
[2015.12.07-06.46.02:600][  0]LogDerivedDataCache:Display: Loaded Boot cache: C:/Users/jingjie/AppData/Local/UnrealEngine/4.9/DerivedDataCache/Boot.ddc
[2015.12.07-06.46.02:600][  0]LogDerivedDataCache: FDerivedDataBackendGraph:  Pak pak cache file K:/HeavenDao.git/trunk/HeavenDao/DerivedDataCache/DDC.ddp not found, will not use a pak cache.
[2015.12.07-06.46.02:601][  0]LogDerivedDataCache: Unable to find inner node Pak for hierarchical cache Hierarchy.
[2015.12.07-06.46.02:601][  0]LogDerivedDataCache: FDerivedDataBackendGraph:  CompressedPak pak cache file K:/HeavenDao.git/trunk/HeavenDao/DerivedDataCache/Compressed.ddp not found, will not use a pak cache.
[2015.12.07-06.46.02:601][  0]LogDerivedDataCache: Unable to find inner node CompressedPak for hierarchical cache Hierarchy.
[2015.12.07-06.46.03:025][  0]LogDerivedDataCache:Display: Pak cache opened for reading ../../../Engine/DerivedDataCache/Compressed.ddp.
[2015.12.07-06.46.03:047][  0]LogDerivedDataCache: Using Local data cache path C:/Users/jingjie/AppData/Local/UnrealEngine/Common/DerivedDataCache: Writable
[2015.12.07-06.46.13:679][  0]LogInit: Selected Device Profile: [Windows]
[2015.12.07-06.46.13:680][  0]LogContentStreaming: Texture pool size is 0.000000MB
[2015.12.07-06.46.13:749][  0]LogMeshUtilities: No automatic mesh reduction module available
[2015.12.07-06.46.13:749][  0]LogMeshUtilities: No automatic mesh merging module available
[2015.12.07-06.46.14:396][  0]LogInit: WinSock: version 1.1 (2.2), MaxSocks=32767, MaxUdp=65467
[2015.12.07-06.46.36:986][  0]UdpMessaging: Initializing bridge on interface 0.0.0.0:0 to multicast group 230.0.0.1:6666.
[2015.12.07-06.46.38:039][  0]LogAssetRegistry: FAssetRegistry took 0.0106 seconds to start up
[2015.12.07-06.46.38:638][  0]SourceControl: 信息 源码控制已禁用
[2015.12.07-06.46.38:639][  0]SourceControl: 信息 源码控制已禁用
[2015.12.07-06.46.38:698][  0]SourceControl: 信息 源码控制已禁用
[2015.12.07-06.46.38:757][  0]SourceControl: 信息 源码控制已禁用
[2015.12.07-06.46.39:905][  0]LogLinker:Warning: Asset '../../../Engine/Plugins/Runtime/LeapMotionController/Content/LM_PassthroughMaterial.uasset' has been saved with empty engine version. The asset will be loaded but may be incompatible.
[2015.12.07-06.46.40:225][  0]LogObj: 28365 objects as part of root set at end of initial load.
[2015.12.07-06.46.40:225][  0]LogUObjectAllocator: 6040832 out of 0 bytes used by permanent object pool.
[2015.12.07-06.46.40:421][  0]LogEngine: Initializing Engine...
[2015.12.07-06.46.40:425][  0]LogHMD: Can't find Oculus library dev build: is proper Runtime installed? Version: 0.7.0.0
[2015.12.07-06.46.40:477][  0]LogHMD: SteamVR failed to initialize.  Err: 110
[2015.12.07-06.46.40:738][  0]LogAIModule: Creating AISystem for world NewWorld
[2015.12.07-06.46.40:773][  0]LogInit: XAudio2 using '扬声器 (Realtek High Definition Audio)' : 2 channels at 48 kHz using 32 bits per sample (channel mask 0x3)
[2015.12.07-06.46.40:826][  0]LogInit: FAudioDevice initialized.
[2015.12.07-06.46.40:859][  0]LogDerivedDataCache: Saved boot cache 0.03s 36MB C:/Users/jingjie/AppData/Local/UnrealEngine/4.9/DerivedDataCache/Boot.ddc.
[2015.12.07-06.46.40:867][  0]LogInit: Texture streaming: Enabled
[2015.12.07-06.46.40:914][  0]LogAnalytics: Creating configured Analytics provider AnalyticsET
[2015.12.07-06.46.40:914][  0]LogAnalytics: [UEEditor.Rocket.Release] APIServer = http://et2.epicgames.com/ET2/. AppVersion = 4.9.2-2707645+++depot+UE4-Releases+4.9
[2015.12.07-06.46.40:914][  0]LogAnalytics: [UEEditor.Rocket.Release] SetUserId a68bcd43460ee0e32a6db99342067874|d5bfca844e3943ddb2566fb3152c49a9|9a19648a-ce79-4d27-800c-82201f9bc3cc
[2015.12.07-06.46.40:914][  0]LogAnalytics: [UEEditor.Rocket.Release] AnalyticsET::StartSession
[2015.12.07-06.46.41:481][  0]LogInit: Transaction tracking system initialized
[2015.12.07-06.46.41:878][  0]BlueprintLog: New page: 编辑器加载
[2015.12.07-06.46.46:274][  0]LocalizationService: 信息 本地化服务已被禁用
[2015.12.07-06.46.47:366][  0]LogConsoleResponse:Display: 
[2015.12.07-06.46.49:266][  0]LogFileCache: Scanning file cache for directory 'K:/HeavenDao.git/trunk/HeavenDao/Content/' took 0.01s
[2015.12.07-06.46.49:266][  0]LogCook:Display: Done creating registry. It took  0.00s.
[2015.12.07-06.46.50:037][  0]SourceControl: 信息 源码控制已禁用
[2015.12.07-06.46.50:656][  0]LogFactory: FactoryCreateBinary: PackFactory with PackFactory (0 0 H:/Program Files (x86)/Epic Games/4.9/FeaturePacks/StarterContent.upack)
[2015.12.07-06.46.51:267][  0]LogPackFactory: Finished extracting 8 files (including 0 errors).
[2015.12.07-06.46.51:278][  0]LogPackFactory: Copied "../../../Samples/StarterContent/Content/StarterContent/Architecture/Floor_400x400.uasset" to "K:/HeavenDao.git/trunk/HeavenDao/Content/StarterContent/Architecture/Floor_400x400.uasset"
[2015.12.07-06.46.51:297][  0]LogPackFactory: Copied "../../../Samples/StarterContent/Content/StarterContent/Architecture/Pillar_50x500.uasset" to "K:/HeavenDao.git/trunk/HeavenDao/Content/StarterContent/Architecture/Pillar_50x500.uasset"
[2015.12.07-06.46.51:420][  0]LogPackFactory: Copied "../../../Samples/StarterContent/Content/StarterContent/Architecture/SM_AssetPlatform.uasset" to "K:/HeavenDao.git/trunk/HeavenDao/Content/StarterContent/Architecture/SM_AssetPlatform.uasset"
[2015.12.07-06.46.51:429][  0]LogPackFactory: Copied "../../../Samples/StarterContent/Content/StarterContent/Architecture/Wall_400x200.uasset" to "K:/HeavenDao.git/trunk/HeavenDao/Content/StarterContent/Architecture/Wall_400x200.uasset"
[2015.12.07-06.46.51:455][  0]LogPackFactory: Copied "../../../Samples/StarterContent/Content/StarterContent/Architecture/Wall_400x300.uasset" to "K:/HeavenDao.git/trunk/HeavenDao/Content/StarterContent/Architecture/Wall_400x300.uasset"
[2015.12.07-06.46.51:469][  0]LogPackFactory: Copied "../../../Samples/StarterContent/Content/StarterContent/Architecture/Wall_400x400.uasset" to "K:/HeavenDao.git/trunk/HeavenDao/Content/StarterContent/Architecture/Wall_400x400.uasset"
[2015.12.07-06.46.51:496][  0]LogPackFactory: Copied "../../../Samples/StarterContent/Content/StarterContent/Architecture/Wall_500x500.uasset" to "K:/HeavenDao.git/trunk/HeavenDao/Content/StarterContent/Architecture/Wall_500x500.uasset"
[2015.12.07-06.46.51:512][  0]LogPackFactory: Copied "../../../Samples/StarterContent/Content/StarterContent/Architecture/Wall_Door_400x300.uasset" to "K:/HeavenDao.git/trunk/HeavenDao/Content/StarterContent/Architecture/Wall_Door_400x300.uasset"
[2015.12.07-06.46.51:539][  0]LogPackFactory: Copied "../../../Samples/StarterContent/Content/StarterContent/Architecture/Wall_Door_400x400.uasset" to "K:/HeavenDao.git/trunk/HeavenDao/Content/StarterContent/Architecture/Wall_Door_400x400.uasset"
[2015.12.07-06.46.51:540][  0]LogPackFactory: Copied "../../../Samples/StarterContent/Content/StarterContent/Architecture/Wall_Window_400x300.uasset" to "K:/HeavenDao.git/trunk/HeavenDao/Content/StarterContent/Architecture/Wall_Window_400x300.uasset"
[2015.12.07-06.46.51:546][  0]LogPackFactory: Copied "../../../Samples/StarterContent/Content/StarterContent/Architecture/Wall_Window_400x400.uasset" to "K:/HeavenDao.git/trunk/HeavenDao/Content/StarterContent/Architecture/Wall_Window_400x400.uasset"
[2015.12.07-06.46.51:631][  0]LogPackFactory: Copied "../../../Samples/StarterContent/Content/StarterContent/Audio/Collapse01.uasset" to "K:/HeavenDao.git/trunk/HeavenDao/Content/StarterContent/Audio/Collapse01.uasset"
[2015.12.07-06.46.51:670][  0]LogPackFactory: Copied "../../../Samples/StarterContent/Content/StarterContent/Audio/Collapse02.uasset" to "K:/HeavenDao.git/trunk/HeavenDao/Content/StarterContent/Audio/Collapse02.uasset"
[2015.12.07-06.46.51:708][  0]LogPackFactory: Copied "../../../Samples/StarterContent/Content/StarterContent/Audio/Collapse_Cue.uasset" to "K:/HeavenDao.git/trunk/HeavenDao/Content/StarterContent/Audio/Collapse_Cue.uasset"
[2015.12.07-06.46.51:750][  0]LogPackFactory: Copied "../../../Samples/StarterContent/Content/StarterContent/Audio/Explosion01.uasset" to "K:/HeavenDao.git/trunk/HeavenDao/Content/StarterContent/Audio/Explosion01.uasset"
[2015.12.07-06.46.51:754][  0]LogPackFactory: Copied "../../../Samples/StarterContent/Content/StarterContent/Audio/Explosion02.uasset" to "K:/HeavenDao.git/trunk/HeavenDao/Content/StarterContent/Audio/Explosion02.uasset"
[2015.12.07-06.46.51:765][  0]LogPackFactory: Copied "../../../Samples/StarterContent/Content/StarterContent/Audio/Explosion_Cue.uasset" to "K:/HeavenDao.git/trunk/HeavenDao/Content/StarterContent/Audio/Explosion_Cue.uasset"
[2015.12.07-06.46.51:781][  0]LogPackFactory: Copied "../../../Samples/StarterContent/Content/StarterContent/Audio/Fire01.uasset" to "K:/HeavenDao.git/trunk/HeavenDao/Content/StarterContent/Audio/Fire01.uasset"
[2015.12.07-06.46.51:811][  0]LogPackFactory: Copied "../../../Samples/StarterContent/Content/StarterContent/Audio/Fire01_Cue.uasset" to "K:/HeavenDao.git/trunk/HeavenDao/Content/StarterContent/Audio/Fire01_Cue.uasset"
[2015.12.07-06.46.51:974][  0]LogPackFactory: Copied "../../../Samples/StarterContent/Content/StarterContent/Audio/Fire_Sparks01.uasset" to "K:/HeavenDao.git/trunk/HeavenDao/Content/StarterContent/Audio/Fire_Sparks01.uasset"
[2015.12.07-06.46.52:012][  0]LogPackFactory: Copied "../../../Samples/StarterContent/Content/StarterContent/Audio/Fire_Sparks01_Cue.uasset" to "K:/HeavenDao.git/trunk/HeavenDao/Content/StarterContent/Audio/Fire_Sparks01_Cue.uasset"
[2015.12.07-06.46.52:091][  0]LogPackFactory: Copied "../../../Samples/StarterContent/Content/StarterContent/Audio/Light01.uasset" to "K:/HeavenDao.git/trunk/HeavenDao/Content/StarterContent/Audio/Light01.uasset"
[2015.12.07-06.46.52:105][  0]LogPackFactory: Copied "../../../Samples/StarterContent/Content/StarterContent/Audio/Light01_Cue.uasset" to "K:/HeavenDao.git/trunk/HeavenDao/Content/StarterContent/Audio/Light01_Cue.uasset"
[2015.12.07-06.46.52:177][  0]LogPackFactory: Copied "../../../Samples/StarterContent/Content/StarterContent/Audio/Light02.uasset" to "K:/HeavenDao.git/trunk/HeavenDao/Content/StarterContent/Audio/Light02.uasset"
[2015.12.07-06.46.52:182][  0]LogPackFactory: Copied "../../../Samples/StarterContent/Content/StarterContent/Audio/Light02_Cue.uasset" to "K:/HeavenDao.git/trunk/HeavenDao/Content/StarterContent/Audio/Light02_Cue.uasset"
[2015.12.07-06.46.52:238][  0]LogPackFactory: Copied "../../../Samples/StarterContent/Content/StarterContent/Audio/Smoke01.uasset" to "K:/HeavenDao.git/trunk/HeavenDao/Content/StarterContent/Audio/Smoke01.uasset"
[2015.12.07-06.46.52:259][  0]LogPackFactory: Copied "../../../Samples/StarterContent/Content/StarterContent/Audio/Smoke01_Cue.uasset" to "K:/HeavenDao.git/trunk/HeavenDao/Content/StarterContent/Audio/Smoke01_Cue.uasset"
[2015.12.07-06.46.52:289][  0]LogPackFactory: Copied "../../../Samples/StarterContent/Content/StarterContent/Audio/Starter_Background_Cue.uasset" to "K:/HeavenDao.git/trunk/HeavenDao/Content/StarterContent/Audio/Starter_Background_Cue.uasset"
[2015.12.07-06.46.52:544][  0]LogPackFactory: Copied "../../../Samples/StarterContent/Content/StarterContent/Audio/Starter_Birds01.uasset" to "K:/HeavenDao.git/trunk/HeavenDao/Content/StarterContent/Audio/Starter_Birds01.uasset"
[2015.12.07-06.46.53:312][  0]LogPackFactory: Copied "../../../Samples/StarterContent/Content/StarterContent/Audio/Starter_Music01.uasset" to "K:/HeavenDao.git/trunk/HeavenDao/Content/StarterContent/Audio/Starter_Music01.uasset"
[2015.12.07-06.46.53:362][  0]LogPackFactory: Copied "../../../Samples/StarterContent/Content/StarterContent/Audio/Starter_Music_Cue.uasset" to "K:/HeavenDao.git/trunk/HeavenDao/Content/StarterContent/Audio/Starter_Music_Cue.uasset"
[2015.12.07-06.46.53:534][  0]LogPackFactory: Copied "../../../Samples/StarterContent/Content/StarterContent/Audio/Starter_Wind05.uasset" to "K:/HeavenDao.git/trunk/HeavenDao/Content/StarterContent/Audio/Starter_Wind05.uasset"
[2015.12.07-06.46.53:695][  0]LogPackFactory: Copied "../../../Samples/StarterContent/Content/StarterContent/Audio/Starter_Wind06.uasset" to "K:/HeavenDao.git/trunk/HeavenDao/Content/StarterContent/Audio/Starter_Wind06.uasset"
[2015.12.07-06.46.53:757][  0]LogPackFactory: Copied "../../../Samples/StarterContent/Content/StarterContent/Audio/Steam01.uasset" to "K:/HeavenDao.git/trunk/HeavenDao/Content/StarterContent/Audio/Steam01.uasset"
[2015.12.07-06.46.53:779][  0]LogPackFactory: Copied "../../../Samples/StarterContent/Content/StarterContent/Audio/Steam01_Cue.uasset" to "K:/HeavenDao.git/trunk/HeavenDao/Content/StarterContent/Audio/Steam01_Cue.uasset"
[2015.12.07-06.46.53:817][  0]LogPackFactory: Copied "../../../Samples/StarterContent/Content/StarterContent/Blueprints/Blueprint_CeilingLight.uasset" to "K:/HeavenDao.git/trunk/HeavenDao/Content/StarterContent/Blueprints/Blueprint_CeilingLight.uasset"
[2015.12.07-06.46.53:833][  0]LogPackFactory: Copied "../../../Samples/StarterContent/Content/StarterContent/Blueprints/Blueprint_Effect_Explosion.uasset" to "K:/HeavenDao.git/trunk/HeavenDao/Content/StarterContent/Blueprints/Blueprint_Effect_Explosion.uasset"
[2015.12.07-06.46.53:929][  0]LogPackFactory: Copied "../../../Samples/StarterContent/Content/StarterContent/Blueprints/Blueprint_Effect_Fire.uasset" to "K:/HeavenDao.git/trunk/HeavenDao/Content/StarterContent/Blueprints/Blueprint_Effect_Fire.uasset"
[2015.12.07-06.46.53:958][  0]LogPackFactory: Copied "../../../Samples/StarterContent/Content/StarterContent/Blueprints/Blueprint_Effect_Smoke.uasset" to "K:/HeavenDao.git/trunk/HeavenDao/Content/StarterContent/Blueprints/Blueprint_Effect_Smoke.uasset"
[2015.12.07-06.46.53:995][  0]LogPackFactory: Copied "../../../Samples/StarterContent/Content/StarterContent/Blueprints/Blueprint_Effect_Sparks.uasset" to "K:/HeavenDao.git/trunk/HeavenDao/Content/StarterContent/Blueprints/Blueprint_Effect_Sparks.uasset"
[2015.12.07-06.46.54:002][  0]LogPackFactory: Copied "../../../Samples/StarterContent/Content/StarterContent/Blueprints/Blueprint_Effect_Steam.uasset" to "K:/HeavenDao.git/trunk/HeavenDao/Content/StarterContent/Blueprints/Blueprint_Effect_Steam.uasset"
[2015.12.07-06.46.54:013][  0]LogPackFactory: Copied "../../../Samples/StarterContent/Content/StarterContent/Blueprints/Blueprint_WallSconce.uasset" to "K:/HeavenDao.git/trunk/HeavenDao/Content/StarterContent/Blueprints/Blueprint_WallSconce.uasset"
[2015.12.07-06.46.54:055][  0]LogPackFactory: Copied "../../../Samples/StarterContent/Content/StarterContent/Blueprints/BP_LightStudio.uasset" to "K:/HeavenDao.git/trunk/HeavenDao/Content/StarterContent/Blueprints/BP_LightStudio.uasset"
[2015.12.07-06.46.54:081][  0]LogPackFactory: Copied "../../../Samples/StarterContent/Content/StarterContent/Blueprints/Assets/FogBrightnessLUT.uasset" to "K:/HeavenDao.git/trunk/HeavenDao/Content/StarterContent/Blueprints/Assets/FogBrightnessLUT.uasset"
[2015.12.07-06.46.54:088][  0]LogPackFactory: Copied "../../../Samples/StarterContent/Content/StarterContent/Blueprints/Assets/M_LightStage_Arrows.uasset" to "K:/HeavenDao.git/trunk/HeavenDao/Content/StarterContent/Blueprints/Assets/M_LightStage_Arrows.uasset"
[2015.12.07-06.46.54:111][  0]LogPackFactory: Copied "../../../Samples/StarterContent/Content/StarterContent/Blueprints/Assets/M_LightStage_Skybox_Black.uasset" to "K:/HeavenDao.git/trunk/HeavenDao/Content/StarterContent/Blueprints/Assets/M_LightStage_Skybox_Black.uasset"
[2015.12.07-06.46.54:155][  0]LogPackFactory: Copied "../../../Samples/StarterContent/Content/StarterContent/Blueprints/Assets/M_LightStage_Skybox_HDRI.uasset" to "K:/HeavenDao.git/trunk/HeavenDao/Content/StarterContent/Blueprints/Assets/M_LightStage_Skybox_HDRI.uasset"
[2015.12.07-06.46.54:157][  0]LogPackFactory: Copied "../../../Samples/StarterContent/Content/StarterContent/Blueprints/Assets/M_LightStage_Skybox_Master.uasset" to "K:/HeavenDao.git/trunk/HeavenDao/Content/StarterContent/Blueprints/Assets/M_LightStage_Skybox_Master.uasset"
[2015.12.07-06.46.54:223][  0]LogPackFactory: Copied "../../../Samples/StarterContent/Content/StarterContent/Blueprints/Assets/Skybox.uasset" to "K:/HeavenDao.git/trunk/HeavenDao/Content/StarterContent/Blueprints/Assets/Skybox.uasset"
[2015.12.07-06.46.54:272][  0]LogPackFactory: Copied "../../../Samples/StarterContent/Content/StarterContent/Blueprints/Assets/SM_Arrows.uasset" to "K:/HeavenDao.git/trunk/HeavenDao/Content/StarterContent/Blueprints/Assets/SM_Arrows.uasset"
[2015.12.07-06.46.54:293][  0]LogPackFactory: Copied "../../../Samples/StarterContent/Content/StarterContent/Blueprints/Assets/SunlightColorLUT.uasset" to "K:/HeavenDao.git/trunk/HeavenDao/Content/StarterContent/Blueprints/Assets/SunlightColorLUT.uasset"
[2015.12.07-06.47.05:118][  0]LogPackFactory: Copied "../../../Samples/StarterContent/Content/StarterContent/HDRI/HDRI_Epic_Courtyard_Daylight.uasset" to "K:/HeavenDao.git/trunk/HeavenDao/Content/StarterContent/HDRI/HDRI_Epic_Courtyard_Daylight.uasset"
[2015.12.07-06.47.05:186][  0]LogPackFactory: Copied "../../../Samples/StarterContent/Content/StarterContent/Maps/Advanced_Lighting.umap" to "K:/HeavenDao.git/trunk/HeavenDao/Content/StarterContent/Maps/Advanced_Lighting.umap"
[2015.12.07-06.47.05:372][  0]LogPackFactory: Copied "../../../Samples/StarterContent/Content/StarterContent/Maps/Minimal_Default.umap" to "K:/HeavenDao.git/trunk/HeavenDao/Content/StarterContent/Maps/Minimal_Default.umap"
[2015.12.07-06.47.07:816][  0]LogPackFactory: Copied "../../../Samples/StarterContent/Content/StarterContent/Maps/StarterMap.umap" to "K:/HeavenDao.git/trunk/HeavenDao/Content/StarterContent/Maps/StarterMap.umap"
[2015.12.07-06.47.07:855][  0]LogPackFactory: Copied "../../../Samples/StarterContent/Content/StarterContent/Materials/M_AssetPlatform.uasset" to "K:/HeavenDao.git/trunk/HeavenDao/Content/StarterContent/Materials/M_AssetPlatform.uasset"
[2015.12.07-06.47.07:877][  0]LogPackFactory: Copied "../../../Samples/StarterContent/Content/StarterContent/Materials/M_Basic_Floor.uasset" to "K:/HeavenDao.git/trunk/HeavenDao/Content/StarterContent/Materials/M_Basic_Floor.uasset"
[2015.12.07-06.47.07:931][  0]LogPackFactory: Copied "../../../Samples/StarterContent/Content/StarterContent/Materials/M_Basic_Wall.uasset" to "K:/HeavenDao.git/trunk/HeavenDao/Content/StarterContent/Materials/M_Basic_Wall.uasset"
[2015.12.07-06.47.07:995][  0]LogPackFactory: Copied "../../../Samples/StarterContent/Content/StarterContent/Materials/M_Brick_Clay_Beveled.uasset" to "K:/HeavenDao.git/trunk/HeavenDao/Content/StarterContent/Materials/M_Brick_Clay_Beveled.uasset"
[2015.12.07-06.47.08:092][  0]LogPackFactory: Copied "../../../Samples/StarterContent/Content/StarterContent/Materials/M_Brick_Clay_New.uasset" to "K:/HeavenDao.git/trunk/HeavenDao/Content/StarterContent/Materials/M_Brick_Clay_New.uasset"
[2015.12.07-06.47.08:119][  0]LogPackFactory: Copied "../../../Samples/StarterContent/Content/StarterContent/Materials/M_Brick_Clay_Old.uasset" to "K:/HeavenDao.git/trunk/HeavenDao/Content/StarterContent/Materials/M_Brick_Clay_Old.uasset"
[2015.12.07-06.47.08:152][  0]LogPackFactory: Copied "../../../Samples/StarterContent/Content/StarterContent/Materials/M_Brick_Cut_Stone.uasset" to "K:/HeavenDao.git/trunk/HeavenDao/Content/StarterContent/Materials/M_Brick_Cut_Stone.uasset"
[2015.12.07-06.47.08:187][  0]LogPackFactory: Copied "../../../Samples/StarterContent/Content/StarterContent/Materials/M_Brick_Hewn_Stone.uasset" to "K:/HeavenDao.git/trunk/HeavenDao/Content/StarterContent/Materials/M_Brick_Hewn_Stone.uasset"
[2015.12.07-06.47.08:227][  0]LogPackFactory: Copied "../../../Samples/StarterContent/Content/StarterContent/Materials/M_Ceramic_Tile_Checker.uasset" to "K:/HeavenDao.git/trunk/HeavenDao/Content/StarterContent/Materials/M_Ceramic_Tile_Checker.uasset"
[2015.12.07-06.47.08:261][  0]LogPackFactory: Copied "../../../Samples/StarterContent/Content/StarterContent/Materials/M_CobbleStone_Pebble.uasset" to "K:/HeavenDao.git/trunk/HeavenDao/Content/StarterContent/Materials/M_CobbleStone_Pebble.uasset"
[2015.12.07-06.47.08:287][  0]LogPackFactory: Copied "../../../Samples/StarterContent/Content/StarterContent/Materials/M_CobbleStone_Rough.uasset" to "K:/HeavenDao.git/trunk/HeavenDao/Content/StarterContent/Materials/M_CobbleStone_Rough.uasset"
[2015.12.07-06.47.08:357][  0]LogPackFactory: Copied "../../../Samples/StarterContent/Content/StarterContent/Materials/M_CobbleStone_Smooth.uasset" to "K:/HeavenDao.git/trunk/HeavenDao/Content/StarterContent/Materials/M_CobbleStone_Smooth.uasset"
[2015.12.07-06.47.08:386][  0]LogPackFactory: Copied "../../../Samples/StarterContent/Content/StarterContent/Materials/M_ColorGrid_LowSpec.uasset" to "K:/HeavenDao.git/trunk/HeavenDao/Content/StarterContent/Materials/M_ColorGrid_LowSpec.uasset"
[2015.12.07-06.47.08:403][  0]LogPackFactory: Copied "../../../Samples/StarterContent/Content/StarterContent/Materials/M_Concrete_Grime.uasset" to "K:/HeavenDao.git/trunk/HeavenDao/Content/StarterContent/Materials/M_Concrete_Grime.uasset"
[2015.12.07-06.47.08:434][  0]LogPackFactory: Copied "../../../Samples/StarterContent/Content/StarterContent/Materials/M_Concrete_Panels.uasset" to "K:/HeavenDao.git/trunk/HeavenDao/Content/StarterContent/Materials/M_Concrete_Panels.uasset"
[2015.12.07-06.47.08:442][  0]LogPackFactory: Copied "../../../Samples/StarterContent/Content/StarterContent/Materials/M_Concrete_Poured.uasset" to "K:/HeavenDao.git/trunk/HeavenDao/Content/StarterContent/Materials/M_Concrete_Poured.uasset"
[2015.12.07-06.47.08:493][  0]LogPackFactory: Copied "../../../Samples/StarterContent/Content/StarterContent/Materials/M_Concrete_Tiles.uasset" to "K:/HeavenDao.git/trunk/HeavenDao/Content/StarterContent/Materials/M_Concrete_Tiles.uasset"
[2015.12.07-06.47.08:514][  0]LogPackFactory: Copied "../../../Samples/StarterContent/Content/StarterContent/Materials/M_Glass.uasset" to "K:/HeavenDao.git/trunk/HeavenDao/Content/StarterContent/Materials/M_Glass.uasset"
[2015.12.07-06.47.08:532][  0]LogPackFactory: Copied "../../../Samples/StarterContent/Content/StarterContent/Materials/M_Ground_Grass.uasset" to "K:/HeavenDao.git/trunk/HeavenDao/Content/StarterContent/Materials/M_Ground_Grass.uasset"
[2015.12.07-06.47.08:547][  0]LogPackFactory: Copied "../../../Samples/StarterContent/Content/StarterContent/Materials/M_Ground_Gravel.uasset" to "K:/HeavenDao.git/trunk/HeavenDao/Content/StarterContent/Materials/M_Ground_Gravel.uasset"
[2015.12.07-06.47.08:560][  0]LogPackFactory: Copied "../../../Samples/StarterContent/Content/StarterContent/Materials/M_Ground_Moss.uasset" to "K:/HeavenDao.git/trunk/HeavenDao/Content/StarterContent/Materials/M_Ground_Moss.uasset"
[2015.12.07-06.47.08:562][  0]LogPackFactory: Copied "../../../Samples/StarterContent/Content/StarterContent/Materials/M_Metal_Brushed_Nickel.uasset" to "K:/HeavenDao.git/trunk/HeavenDao/Content/StarterContent/Materials/M_Metal_Brushed_Nickel.uasset"
[2015.12.07-06.47.08:570][  0]LogPackFactory: Copied "../../../Samples/StarterContent/Content/StarterContent/Materials/M_Metal_Burnished_Steel.uasset" to "K:/HeavenDao.git/trunk/HeavenDao/Content/StarterContent/Materials/M_Metal_Burnished_Steel.uasset"
[2015.12.07-06.47.08:571][  0]LogPackFactory: Copied "../../../Samples/StarterContent/Content/StarterContent/Materials/M_Metal_Chrome.uasset" to "K:/HeavenDao.git/trunk/HeavenDao/Content/StarterContent/Materials/M_Metal_Chrome.uasset"
[2015.12.07-06.47.08:585][  0]LogPackFactory: Copied "../../../Samples/StarterContent/Content/StarterContent/Materials/M_Metal_Copper.uasset" to "K:/HeavenDao.git/trunk/HeavenDao/Content/StarterContent/Materials/M_Metal_Copper.uasset"
[2015.12.07-06.47.08:607][  0]LogPackFactory: Copied "../../../Samples/StarterContent/Content/StarterContent/Materials/M_Metal_Gold.uasset" to "K:/HeavenDao.git/trunk/HeavenDao/Content/StarterContent/Materials/M_Metal_Gold.uasset"
[2015.12.07-06.47.08:609][  0]LogPackFactory: Copied "../../../Samples/StarterContent/Content/StarterContent/Materials/M_Metal_Rust.uasset" to "K:/HeavenDao.git/trunk/HeavenDao/Content/StarterContent/Materials/M_Metal_Rust.uasset"
[2015.12.07-06.47.08:643][  0]LogPackFactory: Copied "../../../Samples/StarterContent/Content/StarterContent/Materials/M_Metal_Steel.uasset" to "K:/HeavenDao.git/trunk/HeavenDao/Content/StarterContent/Materials/M_Metal_Steel.uasset"
[2015.12.07-06.47.08:686][  0]LogPackFactory: Copied "../../../Samples/StarterContent/Content/StarterContent/Materials/M_Rock_Basalt.uasset" to "K:/HeavenDao.git/trunk/HeavenDao/Content/StarterContent/Materials/M_Rock_Basalt.uasset"
[2015.12.07-06.47.08:716][  0]LogPackFactory: Copied "../../../Samples/StarterContent/Content/StarterContent/Materials/M_Rock_Marble_Polished.uasset" to "K:/HeavenDao.git/trunk/HeavenDao/Content/StarterContent/Materials/M_Rock_Marble_Polished.uasset"
[2015.12.07-06.47.08:729][  0]LogPackFactory: Copied "../../../Samples/StarterContent/Content/StarterContent/Materials/M_Rock_Sandstone.uasset" to "K:/HeavenDao.git/trunk/HeavenDao/Content/StarterContent/Materials/M_Rock_Sandstone.uasset"
[2015.12.07-06.47.08:730][  0]LogPackFactory: Copied "../../../Samples/StarterContent/Content/StarterContent/Materials/M_Rock_Slate.uasset" to "K:/HeavenDao.git/trunk/HeavenDao/Content/StarterContent/Materials/M_Rock_Slate.uasset"
[2015.12.07-06.47.08:731][  0]LogPackFactory: Copied "../../../Samples/StarterContent/Content/StarterContent/Materials/M_Tech_Checker_Dot.uasset" to "K:/HeavenDao.git/trunk/HeavenDao/Content/StarterContent/Materials/M_Tech_Checker_Dot.uasset"
[2015.12.07-06.47.08:732][  0]LogPackFactory: Copied "../../../Samples/StarterContent/Content/StarterContent/Materials/M_Tech_Hex_Tile.uasset" to "K:/HeavenDao.git/trunk/HeavenDao/Content/StarterContent/Materials/M_Tech_Hex_Tile.uasset"
[2015.12.07-06.47.08:748][  0]LogPackFactory: Copied "../../../Samples/StarterContent/Content/StarterContent/Materials/M_Tech_Hex_Tile_Pulse.uasset" to "K:/HeavenDao.git/trunk/HeavenDao/Content/StarterContent/Materials/M_Tech_Hex_Tile_Pulse.uasset"
[2015.12.07-06.47.08:765][  0]LogPackFactory: Copied "../../../Samples/StarterContent/Content/StarterContent/Materials/M_Tech_Panel.uasset" to "K:/HeavenDao.git/trunk/HeavenDao/Content/StarterContent/Materials/M_Tech_Panel.uasset"
[2015.12.07-06.47.08:785][  0]LogPackFactory: Copied "../../../Samples/StarterContent/Content/StarterContent/Materials/M_Water_Lake.uasset" to "K:/HeavenDao.git/trunk/HeavenDao/Content/StarterContent/Materials/M_Water_Lake.uasset"
[2015.12.07-06.47.08:787][  0]LogPackFactory: Copied "../../../Samples/StarterContent/Content/StarterContent/Materials/M_Water_Ocean.uasset" to "K:/HeavenDao.git/trunk/HeavenDao/Content/StarterContent/Materials/M_Water_Ocean.uasset"
[2015.12.07-06.47.08:789][  0]LogPackFactory: Copied "../../../Samples/StarterContent/Content/StarterContent/Materials/M_Wood_Floor_Walnut_Polished.uasset" to "K:/HeavenDao.git/trunk/HeavenDao/Content/StarterContent/Materials/M_Wood_Floor_Walnut_Polished.uasset"
[2015.12.07-06.47.08:791][  0]LogPackFactory: Copied "../../../Samples/StarterContent/Content/StarterContent/Materials/M_Wood_Floor_Walnut_Worn.uasset" to "K:/HeavenDao.git/trunk/HeavenDao/Content/StarterContent/Materials/M_Wood_Floor_Walnut_Worn.uasset"
[2015.12.07-06.47.08:829][  0]LogPackFactory: Copied "../../../Samples/StarterContent/Content/StarterContent/Materials/M_Wood_Oak.uasset" to "K:/HeavenDao.git/trunk/HeavenDao/Content/StarterContent/Materials/M_Wood_Oak.uasset"
[2015.12.07-06.47.08:851][  0]LogPackFactory: Copied "../../../Samples/StarterContent/Content/StarterContent/Materials/M_Wood_Pine.uasset" to "K:/HeavenDao.git/trunk/HeavenDao/Content/StarterContent/Materials/M_Wood_Pine.uasset"
[2015.12.07-06.47.08:863][  0]LogPackFactory: Copied "../../../Samples/StarterContent/Content/StarterContent/Materials/M_Wood_Walnut.uasset" to "K:/HeavenDao.git/trunk/HeavenDao/Content/StarterContent/Materials/M_Wood_Walnut.uasset"
[2015.12.07-06.47.08:875][  0]LogPackFactory: Copied "../../../Samples/StarterContent/Content/StarterContent/Particles/P_Ambient_Dust.uasset" to "K:/HeavenDao.git/trunk/HeavenDao/Content/StarterContent/Particles/P_Ambient_Dust.uasset"
[2015.12.07-06.47.08:893][  0]LogPackFactory: Copied "../../../Samples/StarterContent/Content/StarterContent/Particles/P_Explosion.uasset" to "K:/HeavenDao.git/trunk/HeavenDao/Content/StarterContent/Particles/P_Explosion.uasset"
[2015.12.07-06.47.08:970][  0]LogPackFactory: Copied "../../../Samples/StarterContent/Content/StarterContent/Particles/P_Fire.uasset" to "K:/HeavenDao.git/trunk/HeavenDao/Content/StarterContent/Particles/P_Fire.uasset"
[2015.12.07-06.47.08:979][  0]LogPackFactory: Copied "../../../Samples/StarterContent/Content/StarterContent/Particles/P_Smoke.uasset" to "K:/HeavenDao.git/trunk/HeavenDao/Content/StarterContent/Particles/P_Smoke.uasset"
[2015.12.07-06.47.09:030][  0]LogPackFactory: Copied "../../../Samples/StarterContent/Content/StarterContent/Particles/P_Sparks.uasset" to "K:/HeavenDao.git/trunk/HeavenDao/Content/StarterContent/Particles/P_Sparks.uasset"
[2015.12.07-06.47.09:050][  0]LogPackFactory: Copied "../../../Samples/StarterContent/Content/StarterContent/Particles/P_Steam_Lit.uasset" to "K:/HeavenDao.git/trunk/HeavenDao/Content/StarterContent/Particles/P_Steam_Lit.uasset"
[2015.12.07-06.47.09:072][  0]LogPackFactory: Copied "../../../Samples/StarterContent/Content/StarterContent/Particles/Materials/M_Burst.uasset" to "K:/HeavenDao.git/trunk/HeavenDao/Content/StarterContent/Particles/Materials/M_Burst.uasset"
[2015.12.07-06.47.09:103][  0]LogPackFactory: Copied "../../../Samples/StarterContent/Content/StarterContent/Particles/Materials/M_Dust_Particle.uasset" to "K:/HeavenDao.git/trunk/HeavenDao/Content/StarterContent/Particles/Materials/M_Dust_Particle.uasset"
[2015.12.07-06.47.09:131][  0]LogPackFactory: Copied "../../../Samples/StarterContent/Content/StarterContent/Particles/Materials/M_explosion_subUV.uasset" to "K:/HeavenDao.git/trunk/HeavenDao/Content/StarterContent/Particles/Materials/M_explosion_subUV.uasset"
[2015.12.07-06.47.09:133][  0]LogPackFactory: Copied "../../../Samples/StarterContent/Content/StarterContent/Particles/Materials/M_Fire_SubUV.uasset" to "K:/HeavenDao.git/trunk/HeavenDao/Content/StarterContent/Particles/Materials/M_Fire_SubUV.uasset"
[2015.12.07-06.47.09:145][  0]LogPackFactory: Copied "../../../Samples/StarterContent/Content/StarterContent/Particles/Materials/m_flare_01.uasset" to "K:/HeavenDao.git/trunk/HeavenDao/Content/StarterContent/Particles/Materials/m_flare_01.uasset"
[2015.12.07-06.47.09:165][  0]LogPackFactory: Copied "../../../Samples/StarterContent/Content/StarterContent/Particles/Materials/M_Heat_Distortion.uasset" to "K:/HeavenDao.git/trunk/HeavenDao/Content/StarterContent/Particles/Materials/M_Heat_Distortion.uasset"
[2015.12.07-06.47.09:170][  0]LogPackFactory: Copied "../../../Samples/StarterContent/Content/StarterContent/Particles/Materials/M_Radial_Gradient.uasset" to "K:/HeavenDao.git/trunk/HeavenDao/Content/StarterContent/Particles/Materials/M_Radial_Gradient.uasset"
[2015.12.07-06.47.09:199][  0]LogPackFactory: Copied "../../../Samples/StarterContent/Content/StarterContent/Particles/Materials/M_radial_ramp.uasset" to "K:/HeavenDao.git/trunk/HeavenDao/Content/StarterContent/Particles/Materials/M_radial_ramp.uasset"
[2015.12.07-06.47.09:233][  0]LogPackFactory: Copied "../../../Samples/StarterContent/Content/StarterContent/Particles/Materials/M_smoke_subUV.uasset" to "K:/HeavenDao.git/trunk/HeavenDao/Content/StarterContent/Particles/Materials/M_smoke_subUV.uasset"
[2015.12.07-06.47.09:260][  0]LogPackFactory: Copied "../../../Samples/StarterContent/Content/StarterContent/Particles/Materials/M_Spark.uasset" to "K:/HeavenDao.git/trunk/HeavenDao/Content/StarterContent/Particles/Materials/M_Spark.uasset"
[2015.12.07-06.47.09:384][  0]LogPackFactory: Copied "../../../Samples/StarterContent/Content/StarterContent/Props/MaterialSphere.uasset" to "K:/HeavenDao.git/trunk/HeavenDao/Content/StarterContent/Props/MaterialSphere.uasset"
[2015.12.07-06.47.09:478][  0]LogPackFactory: Copied "../../../Samples/StarterContent/Content/StarterContent/Props/SM_Bush.uasset" to "K:/HeavenDao.git/trunk/HeavenDao/Content/StarterContent/Props/SM_Bush.uasset"
[2015.12.07-06.47.09:608][  0]LogPackFactory: Copied "../../../Samples/StarterContent/Content/StarterContent/Props/SM_Chair.uasset" to "K:/HeavenDao.git/trunk/HeavenDao/Content/StarterContent/Props/SM_Chair.uasset"
[2015.12.07-06.47.09:633][  0]LogPackFactory: Copied "../../../Samples/StarterContent/Content/StarterContent/Props/SM_CornerFrame.uasset" to "K:/HeavenDao.git/trunk/HeavenDao/Content/StarterContent/Props/SM_CornerFrame.uasset"
[2015.12.07-06.47.09:771][  0]LogPackFactory: Copied "../../../Samples/StarterContent/Content/StarterContent/Props/SM_Couch.uasset" to "K:/HeavenDao.git/trunk/HeavenDao/Content/StarterContent/Props/SM_Couch.uasset"
[2015.12.07-06.47.09:843][  0]LogPackFactory: Copied "../../../Samples/StarterContent/Content/StarterContent/Props/SM_Door.uasset" to "K:/HeavenDao.git/trunk/HeavenDao/Content/StarterContent/Props/SM_Door.uasset"
[2015.12.07-06.47.09:882][  0]LogPackFactory: Copied "../../../Samples/StarterContent/Content/StarterContent/Props/SM_DoorFrame.uasset" to "K:/HeavenDao.git/trunk/HeavenDao/Content/StarterContent/Props/SM_DoorFrame.uasset"
[2015.12.07-06.47.10:109][  0]LogPackFactory: Copied "../../../Samples/StarterContent/Content/StarterContent/Props/SM_GlassWindow.uasset" to "K:/HeavenDao.git/trunk/HeavenDao/Content/StarterContent/Props/SM_GlassWindow.uasset"
[2015.12.07-06.47.10:212][  0]LogPackFactory: Copied "../../../Samples/StarterContent/Content/StarterContent/Props/SM_Lamp_Ceiling.uasset" to "K:/HeavenDao.git/trunk/HeavenDao/Content/StarterContent/Props/SM_Lamp_Ceiling.uasset"
[2015.12.07-06.47.10:232][  0]LogPackFactory: Copied "../../../Samples/StarterContent/Content/StarterContent/Props/SM_Lamp_Wall.uasset" to "K:/HeavenDao.git/trunk/HeavenDao/Content/StarterContent/Props/SM_Lamp_Wall.uasset"
[2015.12.07-06.47.10:768][  0]LogPackFactory: Copied "../../../Samples/StarterContent/Content/StarterContent/Props/SM_MatPreviewMesh_02.uasset" to "K:/HeavenDao.git/trunk/HeavenDao/Content/StarterContent/Props/SM_MatPreviewMesh_02.uasset"
[2015.12.07-06.47.10:829][  0]LogPackFactory: Copied "../../../Samples/StarterContent/Content/StarterContent/Props/SM_PillarFrame.uasset" to "K:/HeavenDao.git/trunk/HeavenDao/Content/StarterContent/Props/SM_PillarFrame.uasset"
[2015.12.07-06.47.10:895][  0]LogPackFactory: Copied "../../../Samples/StarterContent/Content/StarterContent/Props/SM_PillarFrame300.uasset" to "K:/HeavenDao.git/trunk/HeavenDao/Content/StarterContent/Props/SM_PillarFrame300.uasset"
[2015.12.07-06.47.11:029][  0]LogPackFactory: Copied "../../../Samples/StarterContent/Content/StarterContent/Props/SM_Rock.uasset" to "K:/HeavenDao.git/trunk/HeavenDao/Content/StarterContent/Props/SM_Rock.uasset"
[2015.12.07-06.47.11:097][  0]LogPackFactory: Copied "../../../Samples/StarterContent/Content/StarterContent/Props/SM_Shelf.uasset" to "K:/HeavenDao.git/trunk/HeavenDao/Content/StarterContent/Props/SM_Shelf.uasset"
[2015.12.07-06.47.11:231][  0]LogPackFactory: Copied "../../../Samples/StarterContent/Content/StarterContent/Props/SM_Stairs.uasset" to "K:/HeavenDao.git/trunk/HeavenDao/Content/StarterContent/Props/SM_Stairs.uasset"
[2015.12.07-06.47.11:626][  0]LogPackFactory: Copied "../../../Samples/StarterContent/Content/StarterContent/Props/SM_Statue.uasset" to "K:/HeavenDao.git/trunk/HeavenDao/Content/StarterContent/Props/SM_Statue.uasset"
[2015.12.07-06.47.11:945][  0]LogPackFactory: Copied "../../../Samples/StarterContent/Content/StarterContent/Props/SM_TableRound.uasset" to "K:/HeavenDao.git/trunk/HeavenDao/Content/StarterContent/Props/SM_TableRound.uasset"
[2015.12.07-06.47.11:971][  0]LogPackFactory: Copied "../../../Samples/StarterContent/Content/StarterContent/Props/SM_WindowFrame.uasset" to "K:/HeavenDao.git/trunk/HeavenDao/Content/StarterContent/Props/SM_WindowFrame.uasset"
[2015.12.07-06.47.12:006][  0]LogPackFactory: Copied "../../../Samples/StarterContent/Content/StarterContent/Props/Materials/M_Bush.uasset" to "K:/HeavenDao.git/trunk/HeavenDao/Content/StarterContent/Props/Materials/M_Bush.uasset"
[2015.12.07-06.47.12:022][  0]LogPackFactory: Copied "../../../Samples/StarterContent/Content/StarterContent/Props/Materials/M_Chair.uasset" to "K:/HeavenDao.git/trunk/HeavenDao/Content/StarterContent/Props/Materials/M_Chair.uasset"
[2015.12.07-06.47.12:054][  0]LogPackFactory: Copied "../../../Samples/StarterContent/Content/StarterContent/Props/Materials/M_Door.uasset" to "K:/HeavenDao.git/trunk/HeavenDao/Content/StarterContent/Props/Materials/M_Door.uasset"
[2015.12.07-06.47.12:067][  0]LogPackFactory: Copied "../../../Samples/StarterContent/Content/StarterContent/Props/Materials/M_Frame.uasset" to "K:/HeavenDao.git/trunk/HeavenDao/Content/StarterContent/Props/Materials/M_Frame.uasset"
[2015.12.07-06.47.12:101][  0]LogPackFactory: Copied "../../../Samples/StarterContent/Content/StarterContent/Props/Materials/M_Lamp.uasset" to "K:/HeavenDao.git/trunk/HeavenDao/Content/StarterContent/Props/Materials/M_Lamp.uasset"
[2015.12.07-06.47.12:104][  0]LogPackFactory: Copied "../../../Samples/StarterContent/Content/StarterContent/Props/Materials/M_MaterialSphere.uasset" to "K:/HeavenDao.git/trunk/HeavenDao/Content/StarterContent/Props/Materials/M_MaterialSphere.uasset"
[2015.12.07-06.47.12:115][  0]LogPackFactory: Copied "../../../Samples/StarterContent/Content/StarterContent/Props/Materials/M_MaterialSphere_Plain.uasset" to "K:/HeavenDao.git/trunk/HeavenDao/Content/StarterContent/Props/Materials/M_MaterialSphere_Plain.uasset"
[2015.12.07-06.47.12:123][  0]LogPackFactory: Copied "../../../Samples/StarterContent/Content/StarterContent/Props/Materials/M_Rock.uasset" to "K:/HeavenDao.git/trunk/HeavenDao/Content/StarterContent/Props/Materials/M_Rock.uasset"
[2015.12.07-06.47.12:134][  0]LogPackFactory: Copied "../../../Samples/StarterContent/Content/StarterContent/Props/Materials/M_Shelf.uasset" to "K:/HeavenDao.git/trunk/HeavenDao/Content/StarterContent/Props/Materials/M_Shelf.uasset"
[2015.12.07-06.47.12:166][  0]LogPackFactory: Copied "../../../Samples/StarterContent/Content/StarterContent/Props/Materials/M_Statue.uasset" to "K:/HeavenDao.git/trunk/HeavenDao/Content/StarterContent/Props/Materials/M_Statue.uasset"
[2015.12.07-06.47.12:270][  0]LogPackFactory: Copied "../../../Samples/StarterContent/Content/StarterContent/Props/Materials/M_StatueGlass.uasset" to "K:/HeavenDao.git/trunk/HeavenDao/Content/StarterContent/Props/Materials/M_StatueGlass.uasset"
[2015.12.07-06.47.12:315][  0]LogPackFactory: Copied "../../../Samples/StarterContent/Content/StarterContent/Props/Materials/M_TableRound.uasset" to "K:/HeavenDao.git/trunk/HeavenDao/Content/StarterContent/Props/Materials/M_TableRound.uasset"
[2015.12.07-06.47.12:355][  0]LogPackFactory: Copied "../../../Samples/StarterContent/Content/StarterContent/Shapes/Shape_Cone.uasset" to "K:/HeavenDao.git/trunk/HeavenDao/Content/StarterContent/Shapes/Shape_Cone.uasset"
[2015.12.07-06.47.12:367][  0]LogPackFactory: Copied "../../../Samples/StarterContent/Content/StarterContent/Shapes/Shape_Cube.uasset" to "K:/HeavenDao.git/trunk/HeavenDao/Content/StarterContent/Shapes/Shape_Cube.uasset"
[2015.12.07-06.47.12:396][  0]LogPackFactory: Copied "../../../Samples/StarterContent/Content/StarterContent/Shapes/Shape_Cylinder.uasset" to "K:/HeavenDao.git/trunk/HeavenDao/Content/StarterContent/Shapes/Shape_Cylinder.uasset"
[2015.12.07-06.47.12:446][  0]LogPackFactory: Copied "../../../Samples/StarterContent/Content/StarterContent/Shapes/Shape_NarrowCapsule.uasset" to "K:/HeavenDao.git/trunk/HeavenDao/Content/StarterContent/Shapes/Shape_NarrowCapsule.uasset"
[2015.12.07-06.47.12:464][  0]LogPackFactory: Copied "../../../Samples/StarterContent/Content/StarterContent/Shapes/Shape_Pipe.uasset" to "K:/HeavenDao.git/trunk/HeavenDao/Content/StarterContent/Shapes/Shape_Pipe.uasset"
[2015.12.07-06.47.12:481][  0]LogPackFactory: Copied "../../../Samples/StarterContent/Content/StarterContent/Shapes/Shape_Pipe_180.uasset" to "K:/HeavenDao.git/trunk/HeavenDao/Content/StarterContent/Shapes/Shape_Pipe_180.uasset"
[2015.12.07-06.47.12:496][  0]LogPackFactory: Copied "../../../Samples/StarterContent/Content/StarterContent/Shapes/Shape_Pipe_90.uasset" to "K:/HeavenDao.git/trunk/HeavenDao/Content/StarterContent/Shapes/Shape_Pipe_90.uasset"
[2015.12.07-06.47.12:499][  0]LogPackFactory: Copied "../../../Samples/StarterContent/Content/StarterContent/Shapes/Shape_Plane.uasset" to "K:/HeavenDao.git/trunk/HeavenDao/Content/StarterContent/Shapes/Shape_Plane.uasset"
[2015.12.07-06.47.12:500][  0]LogPackFactory: Copied "../../../Samples/StarterContent/Content/StarterContent/Shapes/Shape_QuadPyramid.uasset" to "K:/HeavenDao.git/trunk/HeavenDao/Content/StarterContent/Shapes/Shape_QuadPyramid.uasset"
[2015.12.07-06.47.12:526][  0]LogPackFactory: Copied "../../../Samples/StarterContent/Content/StarterContent/Shapes/Shape_Sphere.uasset" to "K:/HeavenDao.git/trunk/HeavenDao/Content/StarterContent/Shapes/Shape_Sphere.uasset"
[2015.12.07-06.47.12:623][  0]LogPackFactory: Copied "../../../Samples/StarterContent/Content/StarterContent/Shapes/Shape_Torus.uasset" to "K:/HeavenDao.git/trunk/HeavenDao/Content/StarterContent/Shapes/Shape_Torus.uasset"
[2015.12.07-06.47.12:639][  0]LogPackFactory: Copied "../../../Samples/StarterContent/Content/StarterContent/Shapes/Shape_Trim.uasset" to "K:/HeavenDao.git/trunk/HeavenDao/Content/StarterContent/Shapes/Shape_Trim.uasset"
[2015.12.07-06.47.12:651][  0]LogPackFactory: Copied "../../../Samples/StarterContent/Content/StarterContent/Shapes/Shape_Trim_90_In.uasset" to "K:/HeavenDao.git/trunk/HeavenDao/Content/StarterContent/Shapes/Shape_Trim_90_In.uasset"
[2015.12.07-06.47.12:699][  0]LogPackFactory: Copied "../../../Samples/StarterContent/Content/StarterContent/Shapes/Shape_Trim_90_Out.uasset" to "K:/HeavenDao.git/trunk/HeavenDao/Content/StarterContent/Shapes/Shape_Trim_90_Out.uasset"
[2015.12.07-06.47.12:701][  0]LogPackFactory: Copied "../../../Samples/StarterContent/Content/StarterContent/Shapes/Shape_TriPyramid.uasset" to "K:/HeavenDao.git/trunk/HeavenDao/Content/StarterContent/Shapes/Shape_TriPyramid.uasset"
[2015.12.07-06.47.12:719][  0]LogPackFactory: Copied "../../../Samples/StarterContent/Content/StarterContent/Shapes/Shape_Tube.uasset" to "K:/HeavenDao.git/trunk/HeavenDao/Content/StarterContent/Shapes/Shape_Tube.uasset"
[2015.12.07-06.47.12:780][  0]LogPackFactory: Copied "../../../Samples/StarterContent/Content/StarterContent/Shapes/Shape_Wedge_A.uasset" to "K:/HeavenDao.git/trunk/HeavenDao/Content/StarterContent/Shapes/Shape_Wedge_A.uasset"
[2015.12.07-06.47.12:798][  0]LogPackFactory: Copied "../../../Samples/StarterContent/Content/StarterContent/Shapes/Shape_Wedge_B.uasset" to "K:/HeavenDao.git/trunk/HeavenDao/Content/StarterContent/Shapes/Shape_Wedge_B.uasset"
[2015.12.07-06.47.12:864][  0]LogPackFactory: Copied "../../../Samples/StarterContent/Content/StarterContent/Shapes/Shape_WideCapsule.uasset" to "K:/HeavenDao.git/trunk/HeavenDao/Content/StarterContent/Shapes/Shape_WideCapsule.uasset"
[2015.12.07-06.47.13:704][  0]LogPackFactory: Copied "../../../Samples/StarterContent/Content/StarterContent/Textures/T_Brick_Clay_Beveled_D.uasset" to "K:/HeavenDao.git/trunk/HeavenDao/Content/StarterContent/Textures/T_Brick_Clay_Beveled_D.uasset"
[2015.12.07-06.47.14:378][  0]LogPackFactory: Copied "../../../Samples/StarterContent/Content/StarterContent/Textures/T_Brick_Clay_Beveled_M.uasset" to "K:/HeavenDao.git/trunk/HeavenDao/Content/StarterContent/Textures/T_Brick_Clay_Beveled_M.uasset"
[2015.12.07-06.47.15:585][  0]LogPackFactory: Copied "../../../Samples/StarterContent/Content/StarterContent/Textures/T_Brick_Clay_Beveled_N.uasset" to "K:/HeavenDao.git/trunk/HeavenDao/Content/StarterContent/Textures/T_Brick_Clay_Beveled_N.uasset"
[2015.12.07-06.47.16:570][  0]LogPackFactory: Copied "../../../Samples/StarterContent/Content/StarterContent/Textures/T_Brick_Clay_New_D.uasset" to "K:/HeavenDao.git/trunk/HeavenDao/Content/StarterContent/Textures/T_Brick_Clay_New_D.uasset"
[2015.12.07-06.47.18:745][  0]LogPackFactory: Copied "../../../Samples/StarterContent/Content/StarterContent/Textures/T_Brick_Clay_New_M.uasset" to "K:/HeavenDao.git/trunk/HeavenDao/Content/StarterContent/Textures/T_Brick_Clay_New_M.uasset"
[2015.12.07-06.47.19:517][  0]LogPackFactory: Copied "../../../Samples/StarterContent/Content/StarterContent/Textures/T_Brick_Clay_New_N.uasset" to "K:/HeavenDao.git/trunk/HeavenDao/Content/StarterContent/Textures/T_Brick_Clay_New_N.uasset"
[2015.12.07-06.47.20:598][  0]LogPackFactory: Copied "../../../Samples/StarterContent/Content/StarterContent/Textures/T_Brick_Clay_Old_D.uasset" to "K:/HeavenDao.git/trunk/HeavenDao/Content/StarterContent/Textures/T_Brick_Clay_Old_D.uasset"
[2015.12.07-06.47.21:327][  0]LogPackFactory: Copied "../../../Samples/StarterContent/Content/StarterContent/Textures/T_Brick_Clay_Old_N.uasset" to "K:/HeavenDao.git/trunk/HeavenDao/Content/StarterContent/Textures/T_Brick_Clay_Old_N.uasset"
[2015.12.07-06.47.22:623][  0]LogPackFactory: Copied "../../../Samples/StarterContent/Content/StarterContent/Textures/T_Brick_Cut_Stone_D.uasset" to "K:/HeavenDao.git/trunk/HeavenDao/Content/StarterContent/Textures/T_Brick_Cut_Stone_D.uasset"
[2015.12.07-06.47.23:194][  0]LogPackFactory: Copied "../../../Samples/StarterContent/Content/StarterContent/Textures/T_Brick_Cut_Stone_N.uasset" to "K:/HeavenDao.git/trunk/HeavenDao/Content/StarterContent/Textures/T_Brick_Cut_Stone_N.uasset"
[2015.12.07-06.47.23:601][  0]LogPackFactory: Copied "../../../Samples/StarterContent/Content/StarterContent/Textures/T_Brick_Hewn_Stone_D.uasset" to "K:/HeavenDao.git/trunk/HeavenDao/Content/StarterContent/Textures/T_Brick_Hewn_Stone_D.uasset"
[2015.12.07-06.47.23:703][  0]LogPackFactory: Copied "../../../Samples/StarterContent/Content/StarterContent/Textures/T_Brick_Hewn_Stone_M.uasset" to "K:/HeavenDao.git/trunk/HeavenDao/Content/StarterContent/Textures/T_Brick_Hewn_Stone_M.uasset"
[2015.12.07-06.47.23:851][  0]LogPackFactory: Copied "../../../Samples/StarterContent/Content/StarterContent/Textures/T_Brick_Hewn_Stone_N.uasset" to "K:/HeavenDao.git/trunk/HeavenDao/Content/StarterContent/Textures/T_Brick_Hewn_Stone_N.uasset"
[2015.12.07-06.47.24:086][  0]LogPackFactory: Copied "../../../Samples/StarterContent/Content/StarterContent/Textures/T_Burst_M.uasset" to "K:/HeavenDao.git/trunk/HeavenDao/Content/StarterContent/Textures/T_Burst_M.uasset"
[2015.12.07-06.47.24:249][  0]LogPackFactory: Copied "../../../Samples/StarterContent/Content/StarterContent/Textures/T_Bush_D.uasset" to "K:/HeavenDao.git/trunk/HeavenDao/Content/StarterContent/Textures/T_Bush_D.uasset"
[2015.12.07-06.47.24:263][  0]LogPackFactory: Copied "../../../Samples/StarterContent/Content/StarterContent/Textures/T_Bush_N.uasset" to "K:/HeavenDao.git/trunk/HeavenDao/Content/StarterContent/Textures/T_Bush_N.uasset"
[2015.12.07-06.47.24:275][  0]LogPackFactory: Copied "../../../Samples/StarterContent/Content/StarterContent/Textures/T_Ceramic_Tile_M.uasset" to "K:/HeavenDao.git/trunk/HeavenDao/Content/StarterContent/Textures/T_Ceramic_Tile_M.uasset"
[2015.12.07-06.47.24:278][  0]LogPackFactory: Copied "../../../Samples/StarterContent/Content/StarterContent/Textures/T_Ceramic_Tile_N.uasset" to "K:/HeavenDao.git/trunk/HeavenDao/Content/StarterContent/Textures/T_Ceramic_Tile_N.uasset"
[2015.12.07-06.47.24:283][  0]LogPackFactory: Copied "../../../Samples/StarterContent/Content/StarterContent/Textures/T_Chair_M.uasset" to "K:/HeavenDao.git/trunk/HeavenDao/Content/StarterContent/Textures/T_Chair_M.uasset"
[2015.12.07-06.47.24:334][  0]LogPackFactory: Copied "../../../Samples/StarterContent/Content/StarterContent/Textures/T_Chair_N.uasset" to "K:/HeavenDao.git/trunk/HeavenDao/Content/StarterContent/Textures/T_Chair_N.uasset"
[2015.12.07-06.47.24:501][  0]LogPackFactory: Copied "../../../Samples/StarterContent/Content/StarterContent/Textures/T_Checker_Noise_M.uasset" to "K:/HeavenDao.git/trunk/HeavenDao/Content/StarterContent/Textures/T_Checker_Noise_M.uasset"
[2015.12.07-06.47.24:749][  0]LogPackFactory: Copied "../../../Samples/StarterContent/Content/StarterContent/Textures/T_CobbleStone_Pebble_D.uasset" to "K:/HeavenDao.git/trunk/HeavenDao/Content/StarterContent/Textures/T_CobbleStone_Pebble_D.uasset"
[2015.12.07-06.47.24:776][  0]LogPackFactory: Copied "../../../Samples/StarterContent/Content/StarterContent/Textures/T_CobbleStone_Pebble_M.uasset" to "K:/HeavenDao.git/trunk/HeavenDao/Content/StarterContent/Textures/T_CobbleStone_Pebble_M.uasset"
[2015.12.07-06.47.25:125][  0]LogPackFactory: Copied "../../../Samples/StarterContent/Content/StarterContent/Textures/T_CobbleStone_Pebble_N.uasset" to "K:/HeavenDao.git/trunk/HeavenDao/Content/StarterContent/Textures/T_CobbleStone_Pebble_N.uasset"
[2015.12.07-06.47.25:157][  0]LogPackFactory: Copied "../../../Samples/StarterContent/Content/StarterContent/Textures/T_CobbleStone_Rough_D.uasset" to "K:/HeavenDao.git/trunk/HeavenDao/Content/StarterContent/Textures/T_CobbleStone_Rough_D.uasset"
[2015.12.07-06.47.25:188][  0]LogPackFactory: Copied "../../../Samples/StarterContent/Content/StarterContent/Textures/T_CobbleStone_Rough_N.uasset" to "K:/HeavenDao.git/trunk/HeavenDao/Content/StarterContent/Textures/T_CobbleStone_Rough_N.uasset"
[2015.12.07-06.47.25:252][  0]LogPackFactory: Copied "../../../Samples/StarterContent/Content/StarterContent/Textures/T_CobbleStone_Smooth_D.uasset" to "K:/HeavenDao.git/trunk/HeavenDao/Content/StarterContent/Textures/T_CobbleStone_Smooth_D.uasset"
[2015.12.07-06.47.25:348][  0]LogPackFactory: Copied "../../../Samples/StarterContent/Content/StarterContent/Textures/T_CobbleStone_Smooth_M.uasset" to "K:/HeavenDao.git/trunk/HeavenDao/Content/StarterContent/Textures/T_CobbleStone_Smooth_M.uasset"
[2015.12.07-06.47.25:442][  0]LogPackFactory: Copied "../../../Samples/StarterContent/Content/StarterContent/Textures/T_CobbleStone_Smooth_N.uasset" to "K:/HeavenDao.git/trunk/HeavenDao/Content/StarterContent/Textures/T_CobbleStone_Smooth_N.uasset"
[2015.12.07-06.47.25:547][  0]LogPackFactory: Copied "../../../Samples/StarterContent/Content/StarterContent/Textures/T_Concrete_Grime_D.uasset" to "K:/HeavenDao.git/trunk/HeavenDao/Content/StarterContent/Textures/T_Concrete_Grime_D.uasset"
[2015.12.07-06.47.25:624][  0]LogPackFactory: Copied "../../../Samples/StarterContent/Content/StarterContent/Textures/T_Concrete_Panels_D.uasset" to "K:/HeavenDao.git/trunk/HeavenDao/Content/StarterContent/Textures/T_Concrete_Panels_D.uasset"
[2015.12.07-06.47.25:687][  0]LogPackFactory: Copied "../../../Samples/StarterContent/Content/StarterContent/Textures/T_Concrete_Panels_N.uasset" to "K:/HeavenDao.git/trunk/HeavenDao/Content/StarterContent/Textures/T_Concrete_Panels_N.uasset"
[2015.12.07-06.47.26:554][  0]LogPackFactory: Copied "../../../Samples/StarterContent/Content/StarterContent/Textures/T_Concrete_Poured_D.uasset" to "K:/HeavenDao.git/trunk/HeavenDao/Content/StarterContent/Textures/T_Concrete_Poured_D.uasset"
[2015.12.07-06.47.26:987][  0]LogPackFactory: Copied "../../../Samples/StarterContent/Content/StarterContent/Textures/T_Concrete_Poured_N.uasset" to "K:/HeavenDao.git/trunk/HeavenDao/Content/StarterContent/Textures/T_Concrete_Poured_N.uasset"
[2015.12.07-06.47.27:239][  0]LogPackFactory: Copied "../../../Samples/StarterContent/Content/StarterContent/Textures/T_Concrete_Tiles_D.uasset" to "K:/HeavenDao.git/trunk/HeavenDao/Content/StarterContent/Textures/T_Concrete_Tiles_D.uasset"
[2015.12.07-06.47.27:616][  0]LogPackFactory: Copied "../../../Samples/StarterContent/Content/StarterContent/Textures/T_Concrete_Tiles_M.uasset" to "K:/HeavenDao.git/trunk/HeavenDao/Content/StarterContent/Textures/T_Concrete_Tiles_M.uasset"
[2015.12.07-06.47.27:691][  0]LogPackFactory: Copied "../../../Samples/StarterContent/Content/StarterContent/Textures/T_Concrete_Tiles_N.uasset" to "K:/HeavenDao.git/trunk/HeavenDao/Content/StarterContent/Textures/T_Concrete_Tiles_N.uasset"
[2015.12.07-06.47.27:702][  0]LogPackFactory: Copied "../../../Samples/StarterContent/Content/StarterContent/Textures/T_Concrete_Tiles_Variation_M.uasset" to "K:/HeavenDao.git/trunk/HeavenDao/Content/StarterContent/Textures/T_Concrete_Tiles_Variation_M.uasset"
[2015.12.07-06.47.28:463][  0]LogPackFactory: Copied "../../../Samples/StarterContent/Content/StarterContent/Textures/T_Detail_Rocky_N.uasset" to "K:/HeavenDao.git/trunk/HeavenDao/Content/StarterContent/Textures/T_Detail_Rocky_N.uasset"
[2015.12.07-06.47.28:520][  0]LogPackFactory: Copied "../../../Samples/StarterContent/Content/StarterContent/Textures/T_Door_M.uasset" to "K:/HeavenDao.git/trunk/HeavenDao/Content/StarterContent/Textures/T_Door_M.uasset"
[2015.12.07-06.47.28:615][  0]LogPackFactory: Copied "../../../Samples/StarterContent/Content/StarterContent/Textures/T_Door_N.uasset" to "K:/HeavenDao.git/trunk/HeavenDao/Content/StarterContent/Textures/T_Door_N.uasset"
[2015.12.07-06.47.28:641][  0]LogPackFactory: Copied "../../../Samples/StarterContent/Content/StarterContent/Textures/T_Dust_Particle_D.uasset" to "K:/HeavenDao.git/trunk/HeavenDao/Content/StarterContent/Textures/T_Dust_Particle_D.uasset"
[2015.12.07-06.47.28:754][  0]LogPackFactory: Copied "../../../Samples/StarterContent/Content/StarterContent/Textures/T_Explosion_SubUV.uasset" to "K:/HeavenDao.git/trunk/HeavenDao/Content/StarterContent/Textures/T_Explosion_SubUV.uasset"
[2015.12.07-06.47.28:764][  0]LogPackFactory: Copied "../../../Samples/StarterContent/Content/StarterContent/Textures/T_Fire_SubUV.uasset" to "K:/HeavenDao.git/trunk/HeavenDao/Content/StarterContent/Textures/T_Fire_SubUV.uasset"
[2015.12.07-06.47.28:779][  0]LogPackFactory: Copied "../../../Samples/StarterContent/Content/StarterContent/Textures/T_Fire_Tiled_D.uasset" to "K:/HeavenDao.git/trunk/HeavenDao/Content/StarterContent/Textures/T_Fire_Tiled_D.uasset"
[2015.12.07-06.47.28:791][  0]LogPackFactory: Copied "../../../Samples/StarterContent/Content/StarterContent/Textures/T_Frame_M.uasset" to "K:/HeavenDao.git/trunk/HeavenDao/Content/StarterContent/Textures/T_Frame_M.uasset"
[2015.12.07-06.47.29:581][  0]LogPackFactory: Copied "../../../Samples/StarterContent/Content/StarterContent/Textures/T_Frame_N.uasset" to "K:/HeavenDao.git/trunk/HeavenDao/Content/StarterContent/Textures/T_Frame_N.uasset"
[2015.12.07-06.47.29:726][  0]LogPackFactory: Copied "../../../Samples/StarterContent/Content/StarterContent/Textures/T_Gradinet_01.uasset" to "K:/HeavenDao.git/trunk/HeavenDao/Content/StarterContent/Textures/T_Gradinet_01.uasset"
[2015.12.07-06.47.31:340][  0]LogPackFactory: Copied "../../../Samples/StarterContent/Content/StarterContent/Textures/T_Ground_Grass_D.uasset" to "K:/HeavenDao.git/trunk/HeavenDao/Content/StarterContent/Textures/T_Ground_Grass_D.uasset"
[2015.12.07-06.47.32:617][  0]LogPackFactory: Copied "../../../Samples/StarterContent/Content/StarterContent/Textures/T_Ground_Grass_N.uasset" to "K:/HeavenDao.git/trunk/HeavenDao/Content/StarterContent/Textures/T_Ground_Grass_N.uasset"
[2015.12.07-06.47.33:491][  0]LogPackFactory: Copied "../../../Samples/StarterContent/Content/StarterContent/Textures/T_Ground_Gravel_D.uasset" to "K:/HeavenDao.git/trunk/HeavenDao/Content/StarterContent/Textures/T_Ground_Gravel_D.uasset"
[2015.12.07-06.47.33:855][  0]LogPackFactory: Copied "../../../Samples/StarterContent/Content/StarterContent/Textures/T_Ground_Gravel_N.uasset" to "K:/HeavenDao.git/trunk/HeavenDao/Content/StarterContent/Textures/T_Ground_Gravel_N.uasset"
[2015.12.07-06.47.35:979][  0]LogPackFactory: Copied "../../../Samples/StarterContent/Content/StarterContent/Textures/T_ground_Moss_D.uasset" to "K:/HeavenDao.git/trunk/HeavenDao/Content/StarterContent/Textures/T_ground_Moss_D.uasset"
[2015.12.07-06.47.36:611][  0]LogPackFactory: Copied "../../../Samples/StarterContent/Content/StarterContent/Textures/T_Ground_Moss_N.uasset" to "K:/HeavenDao.git/trunk/HeavenDao/Content/StarterContent/Textures/T_Ground_Moss_N.uasset"
[2015.12.07-06.47.36:723][  0]LogPackFactory: Copied "../../../Samples/StarterContent/Content/StarterContent/Textures/T_Lamp_M.uasset" to "K:/HeavenDao.git/trunk/HeavenDao/Content/StarterContent/Textures/T_Lamp_M.uasset"
[2015.12.07-06.47.36:897][  0]LogPackFactory: Copied "../../../Samples/StarterContent/Content/StarterContent/Textures/T_Lamp_N.uasset" to "K:/HeavenDao.git/trunk/HeavenDao/Content/StarterContent/Textures/T_Lamp_N.uasset"
[2015.12.07-06.47.38:246][  0]LogPackFactory: Copied "../../../Samples/StarterContent/Content/StarterContent/Textures/T_MacroVariation.uasset" to "K:/HeavenDao.git/trunk/HeavenDao/Content/StarterContent/Textures/T_MacroVariation.uasset"
[2015.12.07-06.47.38:672][  0]LogPackFactory: Copied "../../../Samples/StarterContent/Content/StarterContent/Textures/T_Metal_Aluminum_D.uasset" to "K:/HeavenDao.git/trunk/HeavenDao/Content/StarterContent/Textures/T_Metal_Aluminum_D.uasset"
[2015.12.07-06.47.39:575][  0]LogPackFactory: Copied "../../../Samples/StarterContent/Content/StarterContent/Textures/T_Metal_Copper_D.uasset" to "K:/HeavenDao.git/trunk/HeavenDao/Content/StarterContent/Textures/T_Metal_Copper_D.uasset"
[2015.12.07-06.47.40:181][  0]LogPackFactory: Copied "../../../Samples/StarterContent/Content/StarterContent/Textures/T_Metal_Gold_D.uasset" to "K:/HeavenDao.git/trunk/HeavenDao/Content/StarterContent/Textures/T_Metal_Gold_D.uasset"
[2015.12.07-06.47.40:260][  0]LogPackFactory: Copied "../../../Samples/StarterContent/Content/StarterContent/Textures/T_Metal_Gold_N.uasset" to "K:/HeavenDao.git/trunk/HeavenDao/Content/StarterContent/Textures/T_Metal_Gold_N.uasset"
[2015.12.07-06.47.42:368][  0]LogPackFactory: Copied "../../../Samples/StarterContent/Content/StarterContent/Textures/T_Metal_Rust_D.uasset" to "K:/HeavenDao.git/trunk/HeavenDao/Content/StarterContent/Textures/T_Metal_Rust_D.uasset"
[2015.12.07-06.47.42:836][  0]LogPackFactory: Copied "../../../Samples/StarterContent/Content/StarterContent/Textures/T_Metal_Rust_N.uasset" to "K:/HeavenDao.git/trunk/HeavenDao/Content/StarterContent/Textures/T_Metal_Rust_N.uasset"
[2015.12.07-06.47.42:981][  0]LogPackFactory: Copied "../../../Samples/StarterContent/Content/StarterContent/Textures/T_Metal_Steel_D.uasset" to "K:/HeavenDao.git/trunk/HeavenDao/Content/StarterContent/Textures/T_Metal_Steel_D.uasset"
[2015.12.07-06.47.43:144][  0]LogPackFactory: Copied "../../../Samples/StarterContent/Content/StarterContent/Textures/T_Metal_Steel_N.uasset" to "K:/HeavenDao.git/trunk/HeavenDao/Content/StarterContent/Textures/T_Metal_Steel_N.uasset"
[2015.12.07-06.47.43:454][  0]LogPackFactory: Copied "../../../Samples/StarterContent/Content/StarterContent/Textures/T_Perlin_Noise_M.uasset" to "K:/HeavenDao.git/trunk/HeavenDao/Content/StarterContent/Textures/T_Perlin_Noise_M.uasset"
[2015.12.07-06.47.43:515][  0]LogPackFactory: Copied "../../../Samples/StarterContent/Content/StarterContent/Textures/T_RockMesh_M.uasset" to "K:/HeavenDao.git/trunk/HeavenDao/Content/StarterContent/Textures/T_RockMesh_M.uasset"
[2015.12.07-06.47.43:640][  0]LogPackFactory: Copied "../../../Samples/StarterContent/Content/StarterContent/Textures/T_RockMesh_N.uasset" to "K:/HeavenDao.git/trunk/HeavenDao/Content/StarterContent/Textures/T_RockMesh_N.uasset"
[2015.12.07-06.47.44:687][  0]LogPackFactory: Copied "../../../Samples/StarterContent/Content/StarterContent/Textures/T_Rock_Basalt_D.uasset" to "K:/HeavenDao.git/trunk/HeavenDao/Content/StarterContent/Textures/T_Rock_Basalt_D.uasset"
[2015.12.07-06.47.45:606][  0]LogPackFactory: Copied "../../../Samples/StarterContent/Content/StarterContent/Textures/T_Rock_Basalt_N.uasset" to "K:/HeavenDao.git/trunk/HeavenDao/Content/StarterContent/Textures/T_Rock_Basalt_N.uasset"
[2015.12.07-06.47.46:700][  0]LogPackFactory: Copied "../../../Samples/StarterContent/Content/StarterContent/Textures/T_Rock_Marble_Polished_D.uasset" to "K:/HeavenDao.git/trunk/HeavenDao/Content/StarterContent/Textures/T_Rock_Marble_Polished_D.uasset"
[2015.12.07-06.47.48:403][  0]LogPackFactory: Copied "../../../Samples/StarterContent/Content/StarterContent/Textures/T_Rock_Sandstone_D.uasset" to "K:/HeavenDao.git/trunk/HeavenDao/Content/StarterContent/Textures/T_Rock_Sandstone_D.uasset"
[2015.12.07-06.47.49:719][  0]LogPackFactory: Copied "../../../Samples/StarterContent/Content/StarterContent/Textures/T_Rock_Sandstone_N.uasset" to "K:/HeavenDao.git/trunk/HeavenDao/Content/StarterContent/Textures/T_Rock_Sandstone_N.uasset"
[2015.12.07-06.47.52:285][  0]LogPackFactory: Copied "../../../Samples/StarterContent/Content/StarterContent/Textures/T_Rock_Slate_D.uasset" to "K:/HeavenDao.git/trunk/HeavenDao/Content/StarterContent/Textures/T_Rock_Slate_D.uasset"
[2015.12.07-06.47.53:419][  0]LogPackFactory: Copied "../../../Samples/StarterContent/Content/StarterContent/Textures/T_Rock_Slate_N.uasset" to "K:/HeavenDao.git/trunk/HeavenDao/Content/StarterContent/Textures/T_Rock_Slate_N.uasset"
[2015.12.07-06.47.54:679][  0]LogPackFactory: Copied "../../../Samples/StarterContent/Content/StarterContent/Textures/T_Rock_Smooth_Granite_D.uasset" to "K:/HeavenDao.git/trunk/HeavenDao/Content/StarterContent/Textures/T_Rock_Smooth_Granite_D.uasset"
[2015.12.07-06.47.54:744][  0]LogPackFactory: Copied "../../../Samples/StarterContent/Content/StarterContent/Textures/T_Shelf_M.uasset" to "K:/HeavenDao.git/trunk/HeavenDao/Content/StarterContent/Textures/T_Shelf_M.uasset"
[2015.12.07-06.47.55:153][  0]LogPackFactory: Copied "../../../Samples/StarterContent/Content/StarterContent/Textures/T_Shelf_N.uasset" to "K:/HeavenDao.git/trunk/HeavenDao/Content/StarterContent/Textures/T_Shelf_N.uasset"
[2015.12.07-06.47.55:177][  0]LogPackFactory: Copied "../../../Samples/StarterContent/Content/StarterContent/Textures/T_Single_Tile_N.uasset" to "K:/HeavenDao.git/trunk/HeavenDao/Content/StarterContent/Textures/T_Single_Tile_N.uasset"
[2015.12.07-06.47.55:590][  0]LogPackFactory: Copied "../../../Samples/StarterContent/Content/StarterContent/Textures/T_Smoke_SubUV.uasset" to "K:/HeavenDao.git/trunk/HeavenDao/Content/StarterContent/Textures/T_Smoke_SubUV.uasset"
[2015.12.07-06.47.55:633][  0]LogPackFactory: Copied "../../../Samples/StarterContent/Content/StarterContent/Textures/T_Smoke_Tiled_D.uasset" to "K:/HeavenDao.git/trunk/HeavenDao/Content/StarterContent/Textures/T_Smoke_Tiled_D.uasset"
[2015.12.07-06.47.55:649][  0]LogPackFactory: Copied "../../../Samples/StarterContent/Content/StarterContent/Textures/T_Spark_Core.uasset" to "K:/HeavenDao.git/trunk/HeavenDao/Content/StarterContent/Textures/T_Spark_Core.uasset"
[2015.12.07-06.47.55:699][  0]LogPackFactory: Copied "../../../Samples/StarterContent/Content/StarterContent/Textures/T_Statue_M.uasset" to "K:/HeavenDao.git/trunk/HeavenDao/Content/StarterContent/Textures/T_Statue_M.uasset"
[2015.12.07-06.47.55:725][  0]LogPackFactory: Copied "../../../Samples/StarterContent/Content/StarterContent/Textures/T_Statue_N.uasset" to "K:/HeavenDao.git/trunk/HeavenDao/Content/StarterContent/Textures/T_Statue_N.uasset"
[2015.12.07-06.47.55:825][  0]LogPackFactory: Copied "../../../Samples/StarterContent/Content/StarterContent/Textures/T_TableRound_M.uasset" to "K:/HeavenDao.git/trunk/HeavenDao/Content/StarterContent/Textures/T_TableRound_M.uasset"
[2015.12.07-06.47.56:246][  0]LogPackFactory: Copied "../../../Samples/StarterContent/Content/StarterContent/Textures/T_TableRound_N.uasset" to "K:/HeavenDao.git/trunk/HeavenDao/Content/StarterContent/Textures/T_TableRound_N.uasset"
[2015.12.07-06.47.56:295][  0]LogPackFactory: Copied "../../../Samples/StarterContent/Content/StarterContent/Textures/T_Tech_Dot_M.uasset" to "K:/HeavenDao.git/trunk/HeavenDao/Content/StarterContent/Textures/T_Tech_Dot_M.uasset"
[2015.12.07-06.47.56:373][  0]LogPackFactory: Copied "../../../Samples/StarterContent/Content/StarterContent/Textures/T_Tech_Dot_N.uasset" to "K:/HeavenDao.git/trunk/HeavenDao/Content/StarterContent/Textures/T_Tech_Dot_N.uasset"
[2015.12.07-06.47.56:408][  0]LogPackFactory: Copied "../../../Samples/StarterContent/Content/StarterContent/Textures/T_Tech_Hex_Tile_M.uasset" to "K:/HeavenDao.git/trunk/HeavenDao/Content/StarterContent/Textures/T_Tech_Hex_Tile_M.uasset"
[2015.12.07-06.47.56:464][  0]LogPackFactory: Copied "../../../Samples/StarterContent/Content/StarterContent/Textures/T_Tech_Hex_Tile_N.uasset" to "K:/HeavenDao.git/trunk/HeavenDao/Content/StarterContent/Textures/T_Tech_Hex_Tile_N.uasset"
[2015.12.07-06.47.56:596][  0]LogPackFactory: Copied "../../../Samples/StarterContent/Content/StarterContent/Textures/T_Tech_Panel_M.uasset" to "K:/HeavenDao.git/trunk/HeavenDao/Content/StarterContent/Textures/T_Tech_Panel_M.uasset"
[2015.12.07-06.47.56:827][  0]LogPackFactory: Copied "../../../Samples/StarterContent/Content/StarterContent/Textures/T_Tech_Panel_N.uasset" to "K:/HeavenDao.git/trunk/HeavenDao/Content/StarterContent/Textures/T_Tech_Panel_N.uasset"
[2015.12.07-06.47.57:201][  0]LogPackFactory: Copied "../../../Samples/StarterContent/Content/StarterContent/Textures/T_Water_M.uasset" to "K:/HeavenDao.git/trunk/HeavenDao/Content/StarterContent/Textures/T_Water_M.uasset"
[2015.12.07-06.47.57:460][  0]LogPackFactory: Copied "../../../Samples/StarterContent/Content/StarterContent/Textures/T_Water_N.uasset" to "K:/HeavenDao.git/trunk/HeavenDao/Content/StarterContent/Textures/T_Water_N.uasset"
[2015.12.07-06.47.57:878][  0]LogPackFactory: Copied "../../../Samples/StarterContent/Content/StarterContent/Textures/T_Wood_Floor_Walnut_D.uasset" to "K:/HeavenDao.git/trunk/HeavenDao/Content/StarterContent/Textures/T_Wood_Floor_Walnut_D.uasset"
[2015.12.07-06.47.58:116][  0]LogPackFactory: Copied "../../../Samples/StarterContent/Content/StarterContent/Textures/T_Wood_Floor_Walnut_M.uasset" to "K:/HeavenDao.git/trunk/HeavenDao/Content/StarterContent/Textures/T_Wood_Floor_Walnut_M.uasset"
[2015.12.07-06.47.58:599][  0]LogPackFactory: Copied "../../../Samples/StarterContent/Content/StarterContent/Textures/T_Wood_Floor_Walnut_N.uasset" to "K:/HeavenDao.git/trunk/HeavenDao/Content/StarterContent/Textures/T_Wood_Floor_Walnut_N.uasset"
[2015.12.07-06.47.59:212][  0]LogPackFactory: Copied "../../../Samples/StarterContent/Content/StarterContent/Textures/T_Wood_Oak_D.uasset" to "K:/HeavenDao.git/trunk/HeavenDao/Content/StarterContent/Textures/T_Wood_Oak_D.uasset"
[2015.12.07-06.47.59:535][  0]LogPackFactory: Copied "../../../Samples/StarterContent/Content/StarterContent/Textures/T_Wood_Oak_N.uasset" to "K:/HeavenDao.git/trunk/HeavenDao/Content/StarterContent/Textures/T_Wood_Oak_N.uasset"
[2015.12.07-06.48.01:023][  0]LogPackFactory: Copied "../../../Samples/StarterContent/Content/StarterContent/Textures/T_Wood_Pine_D.uasset" to "K:/HeavenDao.git/trunk/HeavenDao/Content/StarterContent/Textures/T_Wood_Pine_D.uasset"
[2015.12.07-06.48.01:625][  0]LogPackFactory: Copied "../../../Samples/StarterContent/Content/StarterContent/Textures/T_Wood_Pine_N.uasset" to "K:/HeavenDao.git/trunk/HeavenDao/Content/StarterContent/Textures/T_Wood_Pine_N.uasset"
[2015.12.07-06.48.02:309][  0]LogPackFactory: Copied "../../../Samples/StarterContent/Content/StarterContent/Textures/T_Wood_Walnut_D.uasset" to "K:/HeavenDao.git/trunk/HeavenDao/Content/StarterContent/Textures/T_Wood_Walnut_D.uasset"
[2015.12.07-06.48.02:733][  0]LogPackFactory: Copied "../../../Samples/StarterContent/Content/StarterContent/Textures/T_Wood_Walnut_N.uasset" to "K:/HeavenDao.git/trunk/HeavenDao/Content/StarterContent/Textures/T_Wood_Walnut_N.uasset"
[2015.12.07-06.48.08:307][  0]LogRenderer: Reallocating scene render targets to support 256x256 (Frame:2).
[2015.12.07-06.48.11:945][  0]Cmd: OBJ SAVEPACKAGE PACKAGE="/Game/StarterContent/Architecture/Floor_400x400" FILE="K:/HeavenDao.git/trunk/HeavenDao/Content/StarterContent/Architecture/Floor_400x400.uasset" SILENT=true
[2015.12.07-06.48.12:725][  0]LogSavePackage: Save=612.747498ms
[2015.12.07-06.48.12:725][  0]LogSavePackage: Moving 'K:/HeavenDao.git/trunk/HeavenDao/Saved/Floor_400x400F56DE6F24223730468B1B7B64736826B.tmp' to 'K:/HeavenDao.git/trunk/HeavenDao/Content/StarterContent/Architecture/Floor_400x400.uasset'
[2015.12.07-06.48.12:814][  0]LogSavePackage: Total save time: 795.873333ms
[2015.12.07-06.48.12:814][  0]LogSavePackage:Warning: Finished SavePackage K:/HeavenDao.git/trunk/HeavenDao/Content/StarterContent/Architecture/Floor_400x400.uasset
[2015.12.07-06.48.12:814][  0]LogFeaturePack:Warning: Inserted 1 feature packs
[2015.12.07-06.48.13:258][  0]Cmd: MAP LOAD FILE="K:/HeavenDao.git/trunk/HeavenDao/Content/StarterContent/Maps/Minimal_Default.umap" TEMPLATE=0 SHOWPROGRESS=1 FEATURELEVEL=2
[2015.12.07-06.48.13:708][  0]LightingResults: New page: 光照构建
[2015.12.07-06.48.14:872][  0]MapCheck: New page: 地图检测
[2015.12.07-06.48.14:872][  0]LightingResults: New page: 光照构建
[2015.12.07-06.48.17:065][  0]LogParticles: Destroying 0 GPU particle simulations for FXSystem 0x000000001E7B11C0
[2015.12.07-06.48.24:007][  0]LogMaterial: Missing cached shader map for material M_StatueGlass, compiling. 
[2015.12.07-06.48.25:424][  0]LogAIModule: Creating AISystem for world Minimal_Default
[2015.12.07-06.48.27:740][  0]LogEditorServer: Finished looking for orphan Actors (0.040 secs)
[2015.12.07-06.48.28:114][  0]Cmd: MAP CHECKDEP NOCLEARLOG
[2015.12.07-06.48.28:407][  0]MapCheck: 信息 地图检测完成：0个错误，0 个警告，用时292.875毫秒完成。
[2015.12.07-06.48.28:422][  0]LogFileHelpers: Loading map 'Minimal_Default' took 15.532
[2015.12.07-06.48.37:616][  0]LogCollectionManager: Loaded 0 collections in 0.025058 seconds
[2015.12.07-06.48.38:720][  0]LogFileCache: Scanning file cache for directory 'K:/HeavenDao.git/trunk/HeavenDao/Saved/Collections/' took 0.01s
[2015.12.07-06.48.38:720][  0]LogFileCache: Scanning file cache for directory 'K:/HeavenDao.git/trunk/HeavenDao/Content/Developers/yuebinbin/Collections/' took 0.01s
[2015.12.07-06.48.38:720][  0]LogFileCache: Scanning file cache for directory 'K:/HeavenDao.git/trunk/HeavenDao/Content/Collections/' took 0.00s
[2015.12.07-06.48.38:720][  0]LogContentBrowser: Native class hierarchy populated in 0.1529 seconds. Added 1868 classes and 335 folders.
[2015.12.07-06.48.39:512][  0]LogCollectionManager: Rebuilt the GUID cache for 0 collections in 0.000005 seconds
[2015.12.07-06.48.40:345][  0]LogContentBrowser: Native class hierarchy updated for 'WidgetCarousel' in 0.0128 seconds. Added 0 classes and 0 folders.
[2015.12.07-06.48.44:419][  0]LogContentBrowser: Native class hierarchy updated for 'AddContentDialog' in 0.0019 seconds. Added 0 classes and 0 folders.
[2015.12.07-06.48.46:257][  0]LogContentBrowser: Native class hierarchy updated for 'SceneOutliner' in 0.0020 seconds. Added 1 classes and 2 folders.
[2015.12.07-06.48.49:600][  0]LogCrashTracker: Crashtracker disabled due to settings.
[2015.12.07-06.48.51:566][  0]LogLoad: Full Startup: 195.12 seconds (BP compile: 1.21 seconds)
[2015.12.07-06.48.52:073][  0]LogContentStreaming: Texture pool size now 1000 MB
[2015.12.07-06.48.52:206][  0]LogShaderCompilers:Warning: Failed to compile Material /Game/StarterContent/Props/Materials/M_StatueGlass.M_StatueGlass for platform PCD3D_S